{"level":"info","message":"::1 - - [01/Nov/2025:17:00:11 +0000] \"GET /api/users HTTP/1.1\" 401 1121 \"-\" \"PostmanRuntime/7.39.1\"","timestamp":"2025-11-01T17:00:11.757Z"}
{"level":"info","message":"::1 - - [01/Nov/2025:17:00:36 +0000] \"POST /api/auth/login HTTP/1.1\" 200 320 \"-\" \"PostmanRuntime/7.39.1\"","timestamp":"2025-11-01T17:00:36.647Z"}
{"level":"info","message":"::1 - - [02/Nov/2025:20:47:23 +0000] \"POST /api/users/register HTTP/1.1\" 500 357 \"-\" \"PostmanRuntime/7.39.1\"","timestamp":"2025-11-02T20:47:23.906Z"}
{"level":"info","message":"::1 - - [02/Nov/2025:20:50:13 +0000] \"POST /api/users/register HTTP/1.1\" 500 357 \"-\" \"PostmanRuntime/7.39.1\"","timestamp":"2025-11-02T20:50:13.469Z"}
{"level":"info","message":"::1 - - [02/Nov/2025:20:50:53 +0000] \"POST /api/users/register HTTP/1.1\" 500 357 \"-\" \"PostmanRuntime/7.39.1\"","timestamp":"2025-11-02T20:50:53.546Z"}
{"level":"info","message":"::1 - - [02/Nov/2025:20:53:15 +0000] \"POST /api/users/register HTTP/1.1\" 500 357 \"-\" \"PostmanRuntime/7.39.1\"","timestamp":"2025-11-02T20:53:15.391Z"}
{"level":"info","message":"::1 - - [02/Nov/2025:20:53:48 +0000] \"POST /api/users/register HTTP/1.1\" 500 357 \"-\" \"PostmanRuntime/7.39.1\"","timestamp":"2025-11-02T20:53:48.719Z"}
{"level":"info","message":"::1 - - [02/Nov/2025:20:54:33 +0000] \"POST /api/users/register HTTP/1.1\" 500 357 \"-\" \"PostmanRuntime/7.39.1\"","timestamp":"2025-11-02T20:54:33.036Z"}
{"level":"info","message":"::1 - - [02/Nov/2025:20:55:08 +0000] \"GET /api/users HTTP/1.1\" 401 1121 \"-\" \"PostmanRuntime/7.39.1\"","timestamp":"2025-11-02T20:55:08.435Z"}
{"level":"info","message":"::1 - - [02/Nov/2025:20:55:21 +0000] \"GET /api/users HTTP/1.1\" 200 2058 \"-\" \"PostmanRuntime/7.39.1\"","timestamp":"2025-11-02T20:55:21.150Z"}
{"level":"info","message":"::1 - - [02/Nov/2025:20:55:56 +0000] \"POST /api/users/register HTTP/1.1\" 500 357 \"-\" \"PostmanRuntime/7.39.1\"","timestamp":"2025-11-02T20:55:56.141Z"}
{"level":"info","message":"::1 - - [02/Nov/2025:20:56:47 +0000] \"POST /api/users/register HTTP/1.1\" 500 357 \"-\" \"PostmanRuntime/7.39.1\"","timestamp":"2025-11-02T20:56:47.230Z"}
{"level":"info","message":"::1 - - [02/Nov/2025:20:57:14 +0000] \"POST /api/users/register HTTP/1.1\" 500 158 \"-\" \"PostmanRuntime/7.39.1\"","timestamp":"2025-11-02T20:57:14.769Z"}
{"level":"info","message":"::1 - - [02/Nov/2025:20:57:44 +0000] \"POST /api/users/register HTTP/1.1\" 201 78 \"-\" \"PostmanRuntime/7.39.1\"","timestamp":"2025-11-02T20:57:44.545Z"}
{"level":"info","message":"::1 - - [02/Nov/2025:20:58:38 +0000] \"POST /api/users/register HTTP/1.1\" 500 87 \"-\" \"PostmanRuntime/7.39.1\"","timestamp":"2025-11-02T20:58:38.078Z"}
{"level":"info","message":"::1 - - [02/Nov/2025:20:59:35 +0000] \"POST /api/users/register HTTP/1.1\" 500 87 \"-\" \"PostmanRuntime/7.39.1\"","timestamp":"2025-11-02T20:59:35.494Z"}
{"level":"info","message":"::1 - - [02/Nov/2025:21:01:57 +0000] \"POST /api/users/register HTTP/1.1\" 500 87 \"-\" \"PostmanRuntime/7.39.1\"","timestamp":"2025-11-02T21:01:57.873Z"}
{"level":"info","message":"::1 - - [02/Nov/2025:21:02:59 +0000] \"POST /api/users/register HTTP/1.1\" 500 473 \"-\" \"PostmanRuntime/7.39.1\"","timestamp":"2025-11-02T21:02:59.487Z"}
{"level":"info","message":"::1 - - [02/Nov/2025:21:03:45 +0000] \"POST /api/users/register HTTP/1.1\" 500 377 \"-\" \"PostmanRuntime/7.39.1\"","timestamp":"2025-11-02T21:03:45.748Z"}
{"level":"info","message":"::1 - - [02/Nov/2025:21:04:40 +0000] \"POST /api/users/register HTTP/1.1\" 500 377 \"-\" \"PostmanRuntime/7.39.1\"","timestamp":"2025-11-02T21:04:40.757Z"}
{"level":"info","message":"::1 - - [02/Nov/2025:21:06:17 +0000] \"POST /api/users/register HTTP/1.1\" 500 479 \"-\" \"PostmanRuntime/7.39.1\"","timestamp":"2025-11-02T21:06:17.887Z"}
{"level":"info","message":"::1 - - [02/Nov/2025:21:06:52 +0000] \"POST /api/users/register HTTP/1.1\" 500 479 \"-\" \"PostmanRuntime/7.39.1\"","timestamp":"2025-11-02T21:06:52.846Z"}
{"level":"info","message":"::1 - - [02/Nov/2025:21:07:24 +0000] \"POST /api/users/register HTTP/1.1\" 500 479 \"-\" \"PostmanRuntime/7.39.1\"","timestamp":"2025-11-02T21:07:24.307Z"}
{"level":"info","message":"::1 - - [02/Nov/2025:21:08:13 +0000] \"POST /api/users/register HTTP/1.1\" 200 64 \"-\" \"PostmanRuntime/7.39.1\"","timestamp":"2025-11-02T21:08:13.587Z"}
{"level":"info","message":"::1 - - [02/Nov/2025:21:10:15 +0000] \"POST /api/users/register HTTP/1.1\" 500 64 \"-\" \"PostmanRuntime/7.39.1\"","timestamp":"2025-11-02T21:10:15.788Z"}
{"level":"info","message":"::1 - - [02/Nov/2025:21:11:55 +0000] \"POST /api/users/register HTTP/1.1\" 500 64 \"-\" \"PostmanRuntime/7.39.1\"","timestamp":"2025-11-02T21:11:55.302Z"}
{"level":"info","message":"::1 - - [02/Nov/2025:21:13:16 +0000] \"POST /api/users/register HTTP/1.1\" 201 78 \"-\" \"PostmanRuntime/7.39.1\"","timestamp":"2025-11-02T21:13:16.811Z"}
{"level":"info","message":"::1 - - [02/Nov/2025:21:16:11 +0000] \"POST /api/orders/ HTTP/1.1\" 201 494 \"-\" \"PostmanRuntime/7.39.1\"","timestamp":"2025-11-02T21:16:11.039Z"}
{"level":"info","message":"::1 - - [02/Nov/2025:21:17:32 +0000] \"POST /api/orders/ HTTP/1.1\" 201 494 \"-\" \"PostmanRuntime/7.39.1\"","timestamp":"2025-11-02T21:17:32.241Z"}
{"level":"info","message":"::1 - - [02/Nov/2025:21:18:27 +0000] \"POST /api/orders/ HTTP/1.1\" 201 394 \"-\" \"PostmanRuntime/7.39.1\"","timestamp":"2025-11-02T21:18:27.489Z"}
{"level":"info","message":"::1 - - [02/Nov/2025:21:18:55 +0000] \"POST /api/orders/ HTTP/1.1\" 201 394 \"-\" \"PostmanRuntime/7.39.1\"","timestamp":"2025-11-02T21:18:55.210Z"}
{"level":"info","message":"::1 - - [02/Nov/2025:21:19:32 +0000] \"POST /api/orders/ HTTP/1.1\" 201 394 \"-\" \"PostmanRuntime/7.39.1\"","timestamp":"2025-11-02T21:19:32.560Z"}
{"level":"info","message":"::1 - - [02/Nov/2025:21:19:55 +0000] \"POST /api/orders/ HTTP/1.1\" 201 394 \"-\" \"PostmanRuntime/7.39.1\"","timestamp":"2025-11-02T21:19:55.073Z"}
{"level":"info","message":"::1 - - [02/Nov/2025:21:20:28 +0000] \"POST /api/orders/ HTTP/1.1\" 201 394 \"-\" \"PostmanRuntime/7.39.1\"","timestamp":"2025-11-02T21:20:28.633Z"}
{"level":"info","message":"::1 - - [02/Nov/2025:21:23:21 +0000] \"POST /api/orders/ HTTP/1.1\" 201 394 \"-\" \"PostmanRuntime/7.39.1\"","timestamp":"2025-11-02T21:23:21.030Z"}
{"level":"info","message":"::1 - - [02/Nov/2025:21:24:02 +0000] \"POST /api/orders/ HTTP/1.1\" 201 394 \"-\" \"PostmanRuntime/7.39.1\"","timestamp":"2025-11-02T21:24:02.876Z"}
{"level":"info","message":"::1 - - [02/Nov/2025:21:24:33 +0000] \"POST /api/orders/ HTTP/1.1\" 201 394 \"-\" \"PostmanRuntime/7.39.1\"","timestamp":"2025-11-02T21:24:33.321Z"}
{"level":"info","message":"::1 - - [02/Nov/2025:21:26:16 +0000] \"POST /api/orders/ HTTP/1.1\" 201 394 \"-\" \"PostmanRuntime/7.39.1\"","timestamp":"2025-11-02T21:26:16.063Z"}
{"level":"info","message":"::1 - - [02/Nov/2025:21:28:10 +0000] \"PUT /api/orders/6907cc78f9ee62ccbd823123/status HTTP/1.1\" 200 394 \"-\" \"PostmanRuntime/7.39.1\"","timestamp":"2025-11-02T21:28:10.297Z"}
{"level":"info","message":"::1 - - [02/Nov/2025:21:28:34 +0000] \"PUT /api/orders/6907cc78f9ee62ccbd823123/status HTTP/1.1\" 200 396 \"-\" \"PostmanRuntime/7.39.1\"","timestamp":"2025-11-02T21:28:34.498Z"}
{"level":"info","message":"::1 - - [05/Nov/2025:14:00:26 +0000] \"POST /api/auth/login HTTP/1.1\" 200 320 \"-\" \"PostmanRuntime/7.39.1\"","timestamp":"2025-11-05T14:00:26.164Z"}
{"level":"info","message":"::1 - - [05/Nov/2025:14:00:35 +0000] \"GET /api/stats/stats HTTP/1.1\" 404 154 \"-\" \"PostmanRuntime/7.39.1\"","timestamp":"2025-11-05T14:00:35.850Z"}
{"level":"info","message":"::1 - - [05/Nov/2025:14:01:07 +0000] \"GET /api/stats/stats-order-total-price HTTP/1.1\" 200 96 \"-\" \"PostmanRuntime/7.39.1\"","timestamp":"2025-11-05T14:01:07.111Z"}
{"level":"info","message":"::1 - - [05/Nov/2025:14:03:50 +0000] \"GET /api/stats/stats-top-products HTTP/1.1\" 200 172 \"-\" \"PostmanRuntime/7.39.1\"","timestamp":"2025-11-05T14:03:50.487Z"}
{"level":"info","message":"::1 - - [05/Nov/2025:14:07:13 +0000] \"GET /api/stats/stats-user-order-counts HTTP/1.1\" 401 392 \"-\" \"PostmanRuntime/7.39.1\"","timestamp":"2025-11-05T14:07:13.202Z"}
{"level":"info","message":"::1 - - [05/Nov/2025:14:07:18 +0000] \"GET /api/stats/stats-user-order-counts HTTP/1.1\" 200 52 \"-\" \"PostmanRuntime/7.39.1\"","timestamp":"2025-11-05T14:07:18.110Z"}
{"level":"info","message":"::1 - - [05/Nov/2025:14:08:20 +0000] \"GET /api/stats/stats-user-order-counts HTTP/1.1\" 200 52 \"-\" \"PostmanRuntime/7.39.1\"","timestamp":"2025-11-05T14:08:20.460Z"}
{"level":"info","message":"::1 - - [05/Nov/2025:14:08:43 +0000] \"GET /api/stats/number-of-user-registration HTTP/1.1\" 200 24 \"-\" \"PostmanRuntime/7.39.1\"","timestamp":"2025-11-05T14:08:43.763Z"}
{"level":"info","message":"::1 - - [05/Nov/2025:14:10:01 +0000] \"GET /api/stats/product-category-distribution HTTP/1.1\" 200 77 \"-\" \"PostmanRuntime/7.39.1\"","timestamp":"2025-11-05T14:10:01.226Z"}
{"level":"info","message":"::1 - - [05/Nov/2025:14:10:57 +0000] \"GET /api/stats/monthly-order-counts HTTP/1.1\" 200 54 \"-\" \"PostmanRuntime/7.39.1\"","timestamp":"2025-11-05T14:10:57.578Z"}
{"level":"info","message":"::1 - - [05/Nov/2025:14:12:00 +0000] \"GET /api/stats/average-products-per-order HTTP/1.1\" 200 57 \"-\" \"PostmanRuntime/7.39.1\"","timestamp":"2025-11-05T14:12:00.475Z"}
{"level":"info","message":"::1 - - [05/Nov/2025:14:12:38 +0000] \"GET /api/stats/order-status-distribution HTTP/1.1\" 200 60 \"-\" \"PostmanRuntime/7.39.1\"","timestamp":"2025-11-05T14:12:38.220Z"}
{"level":"info","message":"::1 - - [05/Nov/2025:14:13:07 +0000] \"GET /api/stats/daily-sales-figures HTTP/1.1\" 200 116 \"-\" \"PostmanRuntime/7.39.1\"","timestamp":"2025-11-05T14:13:07.582Z"}
{"level":"info","message":"::1 - - [05/Nov/2025:14:13:42 +0000] \"GET /api/stats/repeat-customer-rate HTTP/1.1\" 200 27 \"-\" \"PostmanRuntime/7.39.1\"","timestamp":"2025-11-05T14:13:42.388Z"}
{"level":"info","message":"::1 - - [05/Nov/2025:14:14:15 +0000] \"GET /api/stats/average-order-processing-time HTTP/1.1\" 200 54 \"-\" \"PostmanRuntime/7.39.1\"","timestamp":"2025-11-05T14:14:15.674Z"}
{"level":"info","message":"::1 - - [05/Nov/2025:14:14:44 +0000] \"GET /api/stats/average-order-processing-time HTTP/1.1\" 200 54 \"-\" \"PostmanRuntime/7.39.1\"","timestamp":"2025-11-05T14:14:44.543Z"}
{"level":"info","message":"::1 - - [05/Nov/2025:14:14:45 +0000] \"GET /api/stats/average-order-processing-time HTTP/1.1\" 200 54 \"-\" \"PostmanRuntime/7.39.1\"","timestamp":"2025-11-05T14:14:45.657Z"}
{"level":"info","message":"::1 - - [05/Nov/2025:14:14:46 +0000] \"GET /api/stats/average-order-processing-time HTTP/1.1\" 200 54 \"-\" \"PostmanRuntime/7.39.1\"","timestamp":"2025-11-05T14:14:46.537Z"}
{"level":"info","message":"::1 - - [05/Nov/2025:14:15:16 +0000] \"GET /api/stats/orders-by-country HTTP/1.1\" 200 30 \"-\" \"PostmanRuntime/7.39.1\"","timestamp":"2025-11-05T14:15:16.519Z"}
